13/06/2025 01:08:59 | Inactividad: 0 minutos | Tráfico: 10000 KB | Apagado: -
13/06/2025 01:09:12 | Inactividad: 0 minutos | Tráfico: 10000 KB | Apagado: -
13/06/2025 01:09:31 | Inactividad: 0 minutos | Tráfico: 122.58 KB | Apagado: -
13/06/2025 01:12:20 | Inactividad: 1.2 minutos | Tráfico: 2500.58 KB | Apagado: -
13/06/2025 01:17:21 | Inactividad: 0 minutos | Tráfico: 36637.02 KB | Apagado: -
13/06/2025 07:39:11 | Inactividad: 0.48 minutos | Tráfico: 10000 KB | Apagado: -
13/06/2025 07:43:42 | Inactividad: 5.12 minutos | Tráfico: 10000 KB | Apagado: -
13/06/2025 07:48:41 | Inactividad: 10.12 minutos | Tráfico: 229474.72 KB | Apagado: -
13/06/2025 07:53:41 | Inactividad: 15.12 minutos | Tráfico: 260122.3 KB | Apagado: -
13/06/2025 07:58:40 | Inactividad: 20.1 minutos | Tráfico: 268169.79 KB | Apagado: -
13/06/2025 08:03:40 | Inactividad: 25.1 minutos | Tráfico: 277155.69 KB | Apagado: -
13/06/2025 08:08:40 | Inactividad: 30.1 minutos | Tráfico: 277476.61 KB | Apagado: -
13/06/2025 08:13:40 | Inactividad: 35.1 minutos | Tráfico: 277866.82 KB | Apagado: -
13/06/2025 08:18:40 | Inactividad: 40.1 minutos | Tráfico: 278151.85 KB | Apagado: -
13/06/2025 08:23:40 | Inactividad: 45.1 minutos | Tráfico: 301774.91 KB | Apagado: -
13/06/2025 08:28:40 | Inactividad: 50.12 minutos | Tráfico: 409676.47 KB | Apagado: -
13/06/2025 08:33:40 | Inactividad: 55.12 minutos | Tráfico: 410142.04 KB | Apagado: -
13/06/2025 08:38:40 | Inactividad: 60.12 minutos | Tráfico: 410533.01 KB | Apagado: -
13/06/2025 08:43:40 | Inactividad: 65.12 minutos | Tráfico: 249668.66 KB | Apagado: -
13/06/2025 08:48:41 | Inactividad: 70.12 minutos | Tráfico: 151616.5 KB | Apagado: -
13/06/2025 08:53:40 | Inactividad: 75.12 minutos | Tráfico: 151976.44 KB | Apagado: -
13/06/2025 08:58:40 | Inactividad: 80.12 minutos | Tráfico: 135293.58 KB | Apagado: -
13/06/2025 09:03:40 | Inactividad: 85.12 minutos | Tráfico: 135308.37 KB | Apagado: -
13/06/2025 09:08:40 | Inactividad: 90.12 minutos | Tráfico: 135239.08 KB | Apagado: -
13/06/2025 09:13:40 | Inactividad: 95.12 minutos | Tráfico: 135375.65 KB | Apagado: -
13/06/2025 09:18:40 | Inactividad: 100.12 minutos | Tráfico: 112042.91 KB | Apagado: -
13/06/2025 09:23:40 | Inactividad: 105.12 minutos | Tráfico: 4478.42 KB | Apagado: 13/06/2025 09:23:40
13/06/2025 09:51:33 | Inactividad: 0.33 minutos | Tráfico: 1197.55 KB | Apagado: -
13/06/2025 09:56:09 | Inactividad: 0 minutos | Tráfico: 11004.77 KB | Apagado: -
13/06/2025 12:34:33 | Inactividad: 0.45 minutos | Tráfico: 10000 KB | Apagado: -
13/06/2025 12:39:04 | Inactividad: 5.12 minutos | Tráfico: 10000 KB | Apagado: -
13/06/2025 12:44:03 | Inactividad: 10.12 minutos | Tráfico: 9173.85 KB | Apagado: -
13/06/2025 12:49:05 | Inactividad: 15.12 minutos | Tráfico: 25999.27 KB | Apagado: -
13/06/2025 12:54:03 | Inactividad: 20.1 minutos | Tráfico: 26350.97 KB | Apagado: -
13/06/2025 12:59:03 | Inactividad: 25.1 minutos | Tráfico: 26682.2 KB | Apagado: -
13/06/2025 13:04:03 | Inactividad: 30.1 minutos | Tráfico: 27058.89 KB | Apagado: -
13/06/2025 13:09:03 | Inactividad: 35.1 minutos | Tráfico: 27433.12 KB | Apagado: -
13/06/2025 13:14:03 | Inactividad: 40.1 minutos | Tráfico: 27765.37 KB | Apagado: -
13/06/2025 13:19:03 | Inactividad: 45.1 minutos | Tráfico: 28122.98 KB | Apagado: -
13/06/2025 13:24:03 | Inactividad: 50.1 minutos | Tráfico: 28477.07 KB | Apagado: -
13/06/2025 13:29:03 | Inactividad: 55.1 minutos | Tráfico: 28833.81 KB | Apagado: -
13/06/2025 13:34:03 | Inactividad: 60.1 minutos | Tráfico: 29204.19 KB | Apagado: -
13/06/2025 13:39:03 | Inactividad: 65.1 minutos | Tráfico: 20916.84 KB | Apagado: -
13/06/2025 13:44:03 | Inactividad: 70.1 minutos | Tráfico: 4971.55 KB | Apagado: 13/06/2025 13:44:03
13/06/2025 16:58:59 | Inactividad: 0.43 minutos | Tráfico: 10000 KB | Apagado: -
13/06/2025 17:02:27 | Inactividad: 0.33 minutos | Tráfico: 10000 KB | Apagado: -
13/06/2025 17:07:03 | Inactividad: 5.12 minutos | Tráfico: 157648.54 KB | Apagado: -
13/06/2025 17:12:02 | Inactividad: 10.12 minutos | Tráfico: 197238.11 KB | Apagado: -
13/06/2025 17:17:05 | Inactividad: 15.12 minutos | Tráfico: 213945.76 KB | Apagado: -
13/06/2025 17:22:02 | Inactividad: 20.12 minutos | Tráfico: 231705.74 KB | Apagado: -
13/06/2025 17:27:02 | Inactividad: 25.12 minutos | Tráfico: 232141.21 KB | Apagado: -
13/06/2025 17:32:02 | Inactividad: 30.12 minutos | Tráfico: 247988.8 KB | Apagado: -
13/06/2025 17:37:02 | Inactividad: 35.12 minutos | Tráfico: 248385.9 KB | Apagado: -
13/06/2025 17:42:02 | Inactividad: 40.12 minutos | Tráfico: 248753.62 KB | Apagado: -
13/06/2025 17:47:02 | Inactividad: 45.12 minutos | Tráfico: 249131.22 KB | Apagado: -
13/06/2025 17:52:02 | Inactividad: 50.12 minutos | Tráfico: 249478.03 KB | Apagado: -
13/06/2025 17:57:02 | Inactividad: 55.12 minutos | Tráfico: 249807.41 KB | Apagado: -
13/06/2025 18:02:02 | Inactividad: 60.12 minutos | Tráfico: 250438.51 KB | Apagado: -
13/06/2025 18:07:02 | Inactividad: 65.12 minutos | Tráfico: 93967.96 KB | Apagado: -
13/06/2025 18:12:02 | Inactividad: 70.12 minutos | Tráfico: 38003.7 KB | Apagado: -
13/06/2025 18:17:02 | Inactividad: 75.12 minutos | Tráfico: 38384.93 KB | Apagado: -
13/06/2025 18:22:03 | Inactividad: 80.12 minutos | Tráfico: 44011.06 KB | Apagado: -
13/06/2025 18:27:02 | Inactividad: 85.12 minutos | Tráfico: 28520.19 KB | Apagado: -
13/06/2025 18:32:02 | Inactividad: 90.12 minutos | Tráfico: 28509.03 KB | Apagado: -
13/06/2025 18:37:02 | Inactividad: 95.12 minutos | Tráfico: 28527.33 KB | Apagado: -
13/06/2025 18:42:02 | Inactividad: 100.12 minutos | Tráfico: 28475.1 KB | Apagado: -
13/06/2025 18:47:02 | Inactividad: 105.12 minutos | Tráfico: 28507.67 KB | Apagado: -
13/06/2025 18:52:02 | Inactividad: 110.12 minutos | Tráfico: 28523.91 KB | Apagado: -
13/06/2025 18:57:02 | Inactividad: 115.12 minutos | Tráfico: 28475.14 KB | Apagado: -
13/06/2025 19:02:02 | Inactividad: 120.12 minutos | Tráfico: 27411.45 KB | Apagado: -
13/06/2025 19:07:02 | Inactividad: 125.12 minutos | Tráfico: 27483.35 KB | Apagado: -
13/06/2025 19:12:02 | Inactividad: 130.12 minutos | Tráfico: 27444.38 KB | Apagado: -
13/06/2025 19:17:02 | Inactividad: 135.12 minutos | Tráfico: 3999.2 KB | Apagado: 13/06/2025 19:17:02
14/06/2025 03:20:21 | Inactividad: 0.6 minutos | Tráfico: 10000 KB | Apagado: -
14/06/2025 03:24:48 | Inactividad: 5.12 minutos | Tráfico: 10000 KB | Apagado: -
14/06/2025 03:29:48 | Inactividad: 10.12 minutos | Tráfico: 619329.13 KB | Apagado: -
14/06/2025 03:34:51 | Inactividad: 15.13 minutos | Tráfico: 3429300.34 KB | Apagado: -
14/06/2025 03:36:28 | Inactividad: 0.45 minutos | Tráfico: 1272.92 KB | Apagado: -
14/06/2025 03:41:00 | Inactividad: 5.12 minutos | Tráfico: 2100.7 KB | Apagado: -
14/06/2025 03:46:03 | Inactividad: 10.17 minutos | Tráfico: 226385.89 KB | Apagado: -
14/06/2025 03:51:00 | Inactividad: 15.12 minutos | Tráfico: 656035.78 KB | Apagado: -
14/06/2025 03:56:00 | Inactividad: 20.12 minutos | Tráfico: 5283343.7 KB | Apagado: -
14/06/2025 04:01:00 | Inactividad: 25.12 minutos | Tráfico: 12205155.09 KB | Apagado: -
14/06/2025 04:06:00 | Inactividad: 30.12 minutos | Tráfico: 16543998.38 KB | Apagado: -
14/06/2025 04:11:00 | Inactividad: 35.12 minutos | Tráfico: 22919230.25 KB | Apagado: -
14/06/2025 04:16:00 | Inactividad: 40.12 minutos | Tráfico: 26928681.54 KB | Apagado: -
14/06/2025 04:21:00 | Inactividad: 45.12 minutos | Tráfico: 31721549.18 KB | Apagado: -
14/06/2025 04:26:00 | Inactividad: 50.12 minutos | Tráfico: 37900766.11 KB | Apagado: -
14/06/2025 04:31:00 | Inactividad: 55.12 minutos | Tráfico: 39564075 KB | Apagado: -
14/06/2025 04:36:01 | Inactividad: 60.12 minutos | Tráfico: 47015003.35 KB | Apagado: -
14/06/2025 04:41:00 | Inactividad: 65.12 minutos | Tráfico: 50202143.97 KB | Apagado: -
14/06/2025 04:46:01 | Inactividad: 70.12 minutos | Tráfico: 55108751.35 KB | Apagado: -
14/06/2025 04:51:00 | Inactividad: 75.12 minutos | Tráfico: 55684767.65 KB | Apagado: -
14/06/2025 04:56:01 | Inactividad: 80.13 minutos | Tráfico: 52752543.32 KB | Apagado: -
14/06/2025 05:01:00 | Inactividad: 85.12 minutos | Tráfico: 48838231.34 KB | Apagado: -
14/06/2025 05:06:01 | Inactividad: 90.13 minutos | Tráfico: 43641570.22 KB | Apagado: -
14/06/2025 05:10:59 | Inactividad: 95.12 minutos | Tráfico: 43641946.1 KB | Apagado: -
14/06/2025 05:15:59 | Inactividad: 100.12 minutos | Tráfico: 39632878.53 KB | Apagado: -
14/06/2025 05:20:59 | Inactividad: 105.12 minutos | Tráfico: 34838935.12 KB | Apagado: -
14/06/2025 05:25:59 | Inactividad: 110.12 minutos | Tráfico: 28042454.97 KB | Apagado: -
14/06/2025 05:30:59 | Inactividad: 115.12 minutos | Tráfico: 23569483.63 KB | Apagado: -
14/06/2025 05:35:59 | Inactividad: 120.12 minutos | Tráfico: 19550311.8 KB | Apagado: -
14/06/2025 05:40:59 | Inactividad: 125.12 minutos | Tráfico: 16135219.88 KB | Apagado: -
14/06/2025 05:45:59 | Inactividad: 130.12 minutos | Tráfico: 11228952.83 KB | Apagado: -
14/06/2025 05:51:00 | Inactividad: 135.12 minutos | Tráfico: 1606732.1 KB | Apagado: -
14/06/2025 05:55:59 | Inactividad: 140.12 minutos | Tráfico: 1607073.46 KB | Apagado: -
14/06/2025 06:00:59 | Inactividad: 145.12 minutos | Tráfico: 1182846.65 KB | Apagado: -
14/06/2025 06:05:59 | Inactividad: 150.12 minutos | Tráfico: 4631.63 KB | Apagado: 14/06/2025 06:05:59
14/06/2025 13:12:54 | Inactividad: 0.48 minutos | Tráfico: 10000 KB | Apagado: -
14/06/2025 13:19:43 | Inactividad: 0.37 minutos | Tráfico: 10000 KB | Apagado: -
14/06/2025 13:24:20 | Inactividad: 5.13 minutos | Tráfico: 69.81 KB | Apagado: -
14/06/2025 13:29:19 | Inactividad: 10.12 minutos | Tráfico: 527.75 KB | Apagado: -
14/06/2025 13:34:21 | Inactividad: 15.13 minutos | Tráfico: 4239.21 KB | Apagado: -
14/06/2025 13:39:19 | Inactividad: 20.12 minutos | Tráfico: 4652.93 KB | Apagado: -
14/06/2025 13:44:19 | Inactividad: 25.12 minutos | Tráfico: 5062.66 KB | Apagado: -
14/06/2025 13:49:19 | Inactividad: 30.12 minutos | Tráfico: 5410.23 KB | Apagado: -
14/06/2025 13:54:19 | Inactividad: 35.12 minutos | Tráfico: 5884.21 KB | Apagado: -
14/06/2025 13:59:19 | Inactividad: 40.12 minutos | Tráfico: 6854.87 KB | Apagado: -
14/06/2025 14:04:19 | Inactividad: 45.12 minutos | Tráfico: 8266.58 KB | Apagado: -
14/06/2025 14:09:19 | Inactividad: 50.12 minutos | Tráfico: 8810.53 KB | Apagado: -
14/06/2025 14:14:19 | Inactividad: 55.12 minutos | Tráfico: 10759.5 KB | Apagado: -
14/06/2025 14:19:19 | Inactividad: 60.12 minutos | Tráfico: 11280.39 KB | Apagado: -
14/06/2025 14:24:19 | Inactividad: 65.12 minutos | Tráfico: 10473.26 KB | Apagado: -
14/06/2025 14:29:19 | Inactividad: 70.12 minutos | Tráfico: 6885.46 KB | Apagado: 14/06/2025 14:29:19
14/06/2025 15:39:59 | Inactividad: 0.35 minutos | Tráfico: 10000 KB | Apagado: -
